make all --print-data-base --no-builtin-variables --no-builtin-rules --question
# GNU Make 4.3
# Built for x86_64-pc-linux-gnu
# Copyright (C) 1988-2020 Free Software Foundation, Inc.
# License GPLv3+: GNU GPL version 3 or later <http://gnu.org/licenses/gpl.html>
# This is free software: you are free to change and redistribute it.
# There is NO WARRANTY, to the extent permitted by law.

# Make data base, printed on Fri Nov 11 02:43:49 2022

# Variables

# environment
GO111MODULE = on
# environment
LC_ALL = C
# environment
LOG_LEVEL = debug
# environment
PULSE_SERVER = /mnt/wslg/PulseServer
# environment
STARSHIP_SESSION_KEY = 4531257572096139
# environment
WSLENV = ELECTRON_RUN_AS_NODE/w:WT_SESSION::WT_PROFILE_ID
# environment
VSCODE_CWD = /mnt/c/Users/jeren/AppData/Local/Programs/Microsoft VS Code
# environment
DIRENV_WATCHES = eJx0zrFOBCEQgOF3od7suMPBwPaWJvbGYoQhuxcWLsCtJsZ3t7HRxPZv_u_lUz3z2NSqYKuHwFWalJ7h1upVwujAt33-iVL6vcyhHjBLOVtQk3qqceyHqHWxltATaj-px4-9j67W0e7yNf0zmHMNnKFv3ATi3qScwDnXdxCnY3Ly4LQh5xIi-4tGY31CjolMNAlJxJC2Cekt-IWtZndxTpuEi_nNMuQRPdEf1ut3AAAA__-F2E9a
# default
MAKE_COMMAND := make
# environment
VSCODE_HANDLES_SIGPIPE = true
# environment
GOPATH = /home/jerensl/go
# automatic
@D = $(patsubst %/,%,$(dir $@))
# environment
CORS_ALLOWED_ORIGINS = http://localhost:3000;https://jerenslensun.com
# environment
VSCODE_HANDLES_UNCAUGHT_ERRORS = true
# default
.VARIABLES := 
# environment
PWD = /home/jerensl/projects/api.jerenslensun.com/internal
# automatic
%D = $(patsubst %/,%,$(dir $%))
# automatic
^D = $(patsubst %/,%,$(dir $^))
# automatic
%F = $(notdir $%)
# environment
LANG = C
# default
.LOADED := 
# default
.INCLUDE_DIRS = /usr/include /usr/local/include /usr/include
# makefile
MAKEFLAGS = pqrR
# environment
API_KEY = jerensl73934
# makefile
CURDIR := /home/jerensl/projects/api.jerenslensun.com/internal
# environment
APPLICATION_INSIGHTS_NO_DIAGNOSTIC_CHANNEL = 1
# automatic
*D = $(patsubst %/,%,$(dir $*))
# environment
HTTP_ADDR = localhost:8080
# environment
PORT = 8080
# environment
WALLABY_PRODUCTION = true
# environment
MFLAGS = -pqrR
# default
.SHELLFLAGS := -c
# environment
WAYLAND_DISPLAY = wayland-0
# automatic
+D = $(patsubst %/,%,$(dir $+))
# makefile
MAKEFILE_LIST := 
# automatic
@F = $(notdir $@)
# automatic
?D = $(patsubst %/,%,$(dir $?))
# environment
WT_PROFILE_ID = {a5a97cb8-8961-5535-816d-772efe0c6a3f}
# automatic
*F = $(notdir $*)
# automatic
<D = $(patsubst %/,%,$(dir $<))
# environment
VSCODE_NLS_CONFIG = {"locale":"en","availableLanguages":{}}
# default
MAKE_HOST := x86_64-pc-linux-gnu
# makefile
SHELL = /bin/sh
# default
MAKECMDGOALS := all
# environment
SHLVL = 3
# environment
MAKELEVEL := 0
# default
MAKE = $(MAKE_COMMAND)
# environment
PATH = /home/jerensl/.vscode-server/bin/6261075646f055b99068d3688932416f2346dd3b/bin/remote-cli:/usr/local/sbin:/usr/local/bin:/usr/sbin:/usr/bin:/sbin:/bin:/usr/games:/usr/local/games:/usr/lib/wsl/lib:/mnt/c/WINDOWS/system32:/mnt/c/WINDOWS:/mnt/c/WINDOWS/System32/Wbem:/mnt/c/WINDOWS/System32/WindowsPowerShell/v1.0/:/mnt/c/WINDOWS/System32/OpenSSH/:/mnt/c/Program Files (x86)/NVIDIA Corporation/PhysX/Common:/mnt/c/Program Files/NVIDIA Corporation/NVIDIA NvDLISR:/mnt/c/Program Files/dotnet/:/mnt/c/Program Files/Git/cmd:/mnt/c/Program Files (x86)/Intel/Intel(R) Management Engine Components/DAL:/mnt/c/Program Files/Intel/Intel(R) Management Engine Components/DAL:/mnt/c/Users/jeren/AppData/Local/Microsoft/WindowsApps:/mnt/c/Users/jeren/AppData/Local/Programs/Microsoft VS Code/bin:/usr/bin/site_perl:/usr/bin/vendor_perl:/usr/bin/core_perl:/usr/local/go/bin:/home/jerensl/go/bin
# default
MAKEFILES := 
# automatic
^F = $(notdir $^)
# environment
SQLITE_DB = ../data/db.test.sqlite
# environment
SERVICE_ACCOUNT_FILE = /service-account-key.json
# environment
WT_SESSION = 592dedd8-eafb-407c-a0ab-9d689ddb2a40
# environment
LOCAL_ENV = true
# automatic
?F = $(notdir $?)
# environment
NAME = Code
# environment
HOSTTYPE = x86_64
# automatic
+F = $(notdir $+)
# environment
WSL_INTEROP = /run/WSL/4602_interop
# 'override' directive
GNUMAKEFLAGS := 
# environment
DIRENV_FILE = /home/jerensl/projects/api.jerenslensun.com/.envrc
# environment
LOGNAME = jerensl
# environment
VSCODE_WSL_EXT_LOCATION = /mnt/c/Users/jeren/.vscode/extensions/ms-vscode-remote.remote-wsl-0.72.0
# makefile
.DEFAULT_GOAL := 
# environment
DISPLAY = :0
# environment
USER = jerensl
# default
MAKE_VERSION := 4.3
# environment
DIRENV_DIR = -/home/jerensl/projects/api.jerenslensun.com
# environment
STARSHIP_SHELL = fish
# environment
_ = /usr/sbin/make
# environment
XDG_RUNTIME_DIR = /mnt/wslg/runtime-dir
# environment
PROJECT_ID = jerens-app
# environment
VSCODE_IPC_HOOK_CLI = /mnt/wslg/runtime-dir/vscode-ipc-03bcd0a1-0cd6-4b98-b3cb-54d993808728.sock
# environment
DIRENV_DIFF = eJyUks1So0AUhd_lrsOPdsYos-o0nQB2gBCEiZsuhFZABBK6ExLLd5_KlKOrWcz21P1O1a3vvEMP1vvHBFqw3gGHLr-nW7CgFnvRDs0M3aEpTIAE0YZjxoKU2jyI3KXrb8CCUsreMoymy7Om7AZpIdM0f17SwTKMzw7RDqrV8-4NJmC7EfUTbrsRWKAZZfcm_p4Z_b6rRS4HI-sr_d_swmUULPgP1tBFe9jn3xUpjolDLw8IbzTP-0UwJ3T9EixQV8wGtQrnxzBLvcPTctutSzXmKRuI9IZHJGdONIaPB65483BG52t_s9veK-e4SLPGm5VXqk-OqsYSIa1K2M0hP5VOPWdBItevaLfLxcnZOenYSBxntdaPU-2uvpmlppid_Gfz_Oas_PZ-cUA4rtBukx_t9lcxknaL2GnK1uWP0a20qVxu0RWpu2bl48YbPXJNxKvU3FQ-tsUY94pWvPVXah2FBX2-UhJhjDHn2uKa3mUwASeOQ45t-2LhW96teWvCBFhAMOPUT8ACuVfiT7TkjCaUgQWFeFIvMIEwiGKw4BMKo8CjJOau_TUeLet7mMCGRolLKMeEBA9-_OVvEPtDlQsty_NOtVJ7FSe9Hrr2gqyZG1Nuz8ECXTeKTGZG8aRLMUh92DWVFPDx8TsAAP__dQLioA==
# environment
GOMODCACHE = /home/jerensl/go/pkg/mod
# environment
VSCODE_AMD_ENTRYPOINT = vs/workbench/api/node/extensionHostProcess
# environment
HOME = /home/jerensl
# environment
ELECTRON_RUN_AS_NODE = 1
# environment
TERM = xterm-256color
# environment
GOPROXY = https://proxy.golang.org,direct
# default
.RECIPEPREFIX := 
# automatic
<F = $(notdir $<)
# default
SUFFIXES := 
# environment
WSL_DISTRO_NAME = Arch
# default
.FEATURES := target-specific order-only second-expansion else-if shortest-stem undefine oneshell nocomment grouped-target extra-prereqs archives jobserver output-sync check-symlink guile load
# variable set hash-table stats:
# Load=85/1024=8%, Rehash=0, Collisions=1/112=1%

# Pattern-specific Variable Values

# No pattern-specific variable values.

# Directories

# . (device 2080, inode 56866): 15 files, no impossibilities.

# 15 files, no impossibilities in 1 directories.

# Implicit Rules

# No implicit rules.

# Files

# Not a target:
Makefile:
#  Implicit rule search has been done.
#  File does not exist.
#  File has been updated.
#  Failed to be updated.

# Not a target:
.DEFAULT:
#  Implicit rule search has not been done.
#  Modification time never checked.
#  File has not been updated.

# Not a target:
all:
#  Command line target.
#  Implicit rule search has been done.
#  File does not exist.
#  File has not been updated.

# Not a target:
makefile:
#  Implicit rule search has been done.
#  File does not exist.
#  File has been updated.
#  Failed to be updated.

# Not a target:
GNUmakefile:
#  Implicit rule search has been done.
#  File does not exist.
#  File has been updated.
#  Failed to be updated.

# files hash-table stats:
# Load=6/1024=1%, Rehash=0, Collisions=0/15=0%
# VPATH Search Paths

# No 'vpath' search paths.

# No general ('VPATH' variable) search path.

# strcache buffers: 1 (0) / strings = 23 / storage = 177 B / avg = 7 B
# current buf: size = 8162 B / used = 177 B / count = 23 / avg = 7 B

# strcache performance: lookups = 26 / hit rate = 11%
# hash-table stats:
# Load=23/8192=0%, Rehash=0, Collisions=0/26=0%
# Finished Make data base on Fri Nov 11 02:43:49 2022

 
make: *** No rule to make target 'all'.  Stop.

