make all --print-data-base --no-builtin-variables --no-builtin-rules --question
make: *** No rule to make target 'all'.  Stop.

# GNU Make 4.3
# Built for x86_64-pc-linux-gnu
# Copyright (C) 1988-2020 Free Software Foundation, Inc.
# License GPLv3+: GNU GPL version 3 or later <http://gnu.org/licenses/gpl.html>
# This is free software: you are free to change and redistribute it.
# There is NO WARRANTY, to the extent permitted by law.

# Make data base, printed on Sat Jul  9 20:07:57 2022

# Variables

# environment
GO111MODULE = on
# environment
LC_ALL = C
# environment
LOG_LEVEL = debug
# environment
PULSE_SERVER = /mnt/wslg/PulseServer
# environment
STARSHIP_SESSION_KEY = 1389623986242231
# environment
WSLENV = ELECTRON_RUN_AS_NODE/w:WT_SESSION::WT_PROFILE_ID
# environment
VSCODE_CWD = /mnt/c/Users/jeren/AppData/Local/Programs/Microsoft VS Code
# environment
DIRENV_WATCHES = eJx0zr1OxTAMQOF3yVzVbfNjtzsjEjticFNH7VWaXCW5BQnx7ixMCNaznO_1U71w29WiYM-nwE2KpBrhXvJNfKvA96P_iZLqI_U-n9BLuopXnXrOWztOUcvoLGpLpKlTTx9HbVUtrTzkq_tn0MfsOULduQhsR5F0AceY34G1Z7camtGhBPSEOKPX2kiYaDCTHcwatjWg5dVpGZ2j2U5kBjdxGJn-YpnxF-vtOwAA__-QvE91
# default
MAKE_COMMAND := make
# environment
VSCODE_HANDLES_SIGPIPE = true
# environment
GOPATH = /home/jerensl/go
# automatic
@D = $(patsubst %/,%,$(dir $@))
# environment
CORS_ALLOWED_ORIGINS = http://localhost:3000;https://jerenslensun.com
# environment
VSCODE_HANDLES_UNCAUGHT_ERRORS = true
# default
.VARIABLES := 
# environment
PWD = /home/jerensl/projects/api.jerenslensun.com
# automatic
%D = $(patsubst %/,%,$(dir $%))
# automatic
^D = $(patsubst %/,%,$(dir $^))
# automatic
%F = $(notdir $%)
# environment
LANG = C
# default
.LOADED := 
# default
.INCLUDE_DIRS = /usr/include /usr/local/include /usr/include
# makefile
MAKEFLAGS = pqrR
# environment
API_KEY = jerensl73934
# makefile
CURDIR := /home/jerensl/projects/api.jerenslensun.com
# environment
APPLICATION_INSIGHTS_NO_DIAGNOSTIC_CHANNEL = true
# automatic
*D = $(patsubst %/,%,$(dir $*))
# environment
HTTP_ADDR = localhost:5000
# environment
PORT = 5000
# environment
WALLABY_PRODUCTION = true
# environment
MFLAGS = -pqrR
# default
.SHELLFLAGS := -c
# environment
WAYLAND_DISPLAY = wayland-0
# automatic
+D = $(patsubst %/,%,$(dir $+))
# makefile (from 'Makefile', line 1)
MAKEFILE_LIST := Makefile
# automatic
@F = $(notdir $@)
# automatic
?D = $(patsubst %/,%,$(dir $?))
# environment
WT_PROFILE_ID = {a5a97cb8-8961-5535-816d-772efe0c6a3f}
# automatic
*F = $(notdir $*)
# automatic
<D = $(patsubst %/,%,$(dir $<))
# environment
VSCODE_NLS_CONFIG = {"locale":"en","availableLanguages":{}}
# default
MAKE_HOST := x86_64-pc-linux-gnu
# makefile
SHELL = /bin/sh
# default
MAKECMDGOALS := all
# environment
SHLVL = 3
# environment
MAKELEVEL := 0
# default
MAKE = $(MAKE_COMMAND)
# environment
PATH = /home/jerensl/.vscode-server/bin/92d25e35d9bf1a6b16f7d0758f25d48ace11e5b9/bin/remote-cli:/usr/local/sbin:/usr/local/bin:/usr/sbin:/usr/bin:/sbin:/bin:/usr/games:/usr/local/games:/usr/lib/wsl/lib:/mnt/c/WINDOWS/system32:/mnt/c/WINDOWS:/mnt/c/WINDOWS/System32/Wbem:/mnt/c/WINDOWS/System32/WindowsPowerShell/v1.0/:/mnt/c/WINDOWS/System32/OpenSSH/:/mnt/c/Program Files (x86)/NVIDIA Corporation/PhysX/Common:/mnt/c/Program Files/NVIDIA Corporation/NVIDIA NvDLISR:/mnt/c/Program Files/dotnet/:/mnt/c/Program Files/Git/cmd:/mnt/c/Program Files (x86)/Intel/Intel(R) Management Engine Components/DAL:/mnt/c/Program Files/Intel/Intel(R) Management Engine Components/DAL:/mnt/c/Users/jeren/AppData/Local/Microsoft/WindowsApps:/mnt/c/Users/jeren/AppData/Local/Programs/Microsoft VS Code/bin:/usr/bin/site_perl:/usr/bin/vendor_perl:/usr/bin/core_perl:/usr/local/go/bin:/home/jerensl/go/bin
# default
MAKEFILES := 
# automatic
^F = $(notdir $^)
# environment
SQLITE_DB = ../../database/db.test.sqlite
# environment
SERVICE_ACCOUNT_FILE = ../../service-account-key.json
# environment
WT_SESSION = 848fcd4c-23c6-4878-818c-41ae72e55caf
# environment
LOCAL_ENV = true
# automatic
?F = $(notdir $?)
# environment
NAME = Code
# environment
HOSTTYPE = x86_64
# automatic
+F = $(notdir $+)
# environment
WSL_INTEROP = /run/WSL/1543_interop
# 'override' directive
GNUMAKEFLAGS := 
# environment
DIRENV_FILE = /home/jerensl/projects/api.jerenslensun.com/.envrc
# environment
LOGNAME = jerensl
# environment
VSCODE_WSL_EXT_LOCATION = /mnt/c/Users/jeren/.vscode/extensions/ms-vscode-remote.remote-wsl-0.66.3
# makefile
.DEFAULT_GOAL := openapi_http
# environment
DISPLAY = :0
# environment
USER = jerensl
# default
MAKE_VERSION := 4.3
# environment
DIRENV_DIR = -/home/jerensl/projects/api.jerenslensun.com
# environment
STARSHIP_SHELL = fish
# environment
_ = /usr/sbin/make
# environment
XDG_RUNTIME_DIR = /mnt/wslg/runtime-dir
# environment
PROJECT_ID = jerens-app
# environment
VSCODE_IPC_HOOK_CLI = /mnt/wslg/runtime-dir/vscode-ipc-d614d675-c498-43e0-94a1-2fe058c8e19a.sock
# environment
DIRENV_DIFF = eJyUkktzokAUhf_LXfNS41gyK4QW0ZZG5KHZdCF2ImgaQrdISOW_TzmVx2oWsz11vlN167vvUIP5_qEAB_MdrMCjK7QHE0rWMC4uk9F09AAK2CTcUgtjkiKHktBzPX8LJpykrE1dv1R5djlVQpojwzB-31Nh6vrnBuPiyrW8egEFHC9EfkIdLwQTVP1UvbCvml43VclyKfSsLrR_s3MPIzDhP1hdY7xt8p-J1IrsBbofwJad0TcD0kXWekPmo7ekTw5Pfil7UaJSFvncX0ySNNvZ6Xi24d2k6Na2n_Wc0EE8GdyG07TYr1V-Q8NVPWtOu3bpP61aa_oroMUjfvVorPLpDF-resd3DUl7SeK8rbBb43p1iaJuujgksWyi_vxKJTfWT4LE-HjdnEQ4nhtWzvajB3fwOMmzF-meZsEWkVWwG56LfebY0SK_ZbJMn8fHpHYfh-UwHp9n5bFzl1zd17ybq60kN8uiVN20aDoABRZRFFDLce4GfsSNDcMABTCxLUyRn4AJsrmyv5FLMUoQBhOO7HB9BgUCEkZgwicUhGSJ7Ih6zvfjqFldgwJbFCaejahl2yT2oy93mqZrmi5Y0xY5U7M8r65cqmf2ppWi4ndug70IUWf2XT5mMjtkgunHgyaZkJp4vRSSwcfHnwAAAP__CQDkbg==
# environment
GOMODCACHE = /home/jerensl/go/pkg/mod
# environment
VSCODE_AMD_ENTRYPOINT = vs/workbench/api/node/extensionHostProcess
# environment
HOME = /home/jerensl
# environment
ELECTRON_RUN_AS_NODE = 1
# environment
TERM = xterm-256color
# environment
GOPROXY = https://proxy.golang.org,direct
# default
.RECIPEPREFIX := 
# automatic
<F = $(notdir $<)
# default
SUFFIXES := 
# environment
WSL_DISTRO_NAME = Arch
# default
.FEATURES := target-specific order-only second-expansion else-if shortest-stem undefine oneshell nocomment grouped-target extra-prereqs archives jobserver output-sync check-symlink guile load
# variable set hash-table stats:
# Load=85/1024=8%, Rehash=0, Collisions=1/115=1%

# Pattern-specific Variable Values

# No pattern-specific variable values.

# Directories

# . (device 2080, inode 53858): 23 files, no impossibilities.

# 23 files, no impossibilities in 1 directories.

# Implicit Rules

# No implicit rules.

# Files

# Not a target:
Makefile:
#  Implicit rule search has been done.
#  Last modified 2022-07-09 20:07:38.7022414
#  File has been updated.
#  Successfully updated.

# Not a target:
.DEFAULT:
#  Implicit rule search has not been done.
#  Modification time never checked.
#  File has not been updated.

# Not a target:
all:
#  Command line target.
#  Implicit rule search has been done.
#  File does not exist.
#  File has not been updated.

openapi_http:
#  Phony target (prerequisite of .PHONY).
#  Implicit rule search has not been done.
#  File does not exist.
#  File has not been updated.
#  recipe to execute (from 'Makefile', line 3):
	oapi-codegen -generate types -o internal/ports/openapi_types.gen.go -package ports api/openapi/notification.yml
	oapi-codegen -generate chi-server -o internal/ports/openapi.gen.go -package ports api/openapi/notification.yml
	oapi-codegen -generate types -o internal/tests/client/openapi_types.gen.go -package client api/openapi/notification.yml
	oapi-codegen -generate client -o internal/tests/client/openapi_client.gen.go -package client api/openapi/notification.yml

openapi_documentation:
#  Phony target (prerequisite of .PHONY).
#  Implicit rule search has not been done.
#  File does not exist.
#  File has not been updated.
#  recipe to execute (from 'Makefile', line 10):
	docker run --rm \
  -v ${PWD}:/local openapitools/openapi-generator-cli generate \
  -i /local/api/openapi/notification.yml \
  -g html2 \
  -o /local/documentation/openapi

plantuml_up:
#  Phony target (prerequisite of .PHONY).
#  Implicit rule search has not been done.
#  File does not exist.
#  File has not been updated.
#  recipe to execute (from 'Makefile', line 18):
	docker run -d -p 8080:8080 plantuml/plantuml-server:jetty

.PHONY: openapi_http openapi_documentation plantuml_up
#  Implicit rule search has not been done.
#  Modification time never checked.
#  File has not been updated.

# files hash-table stats:
# Load=8/1024=1%, Rehash=0, Collisions=0/26=0%
# VPATH Search Paths

# No 'vpath' search paths.

# No general ('VPATH' variable) search path.

# strcache buffers: 1 (0) / strings = 32 / storage = 334 B / avg = 10 B
# current buf: size = 8162 B / used = 334 B / count = 32 / avg = 10 B

# strcache performance: lookups = 47 / hit rate = 31%
# hash-table stats:
# Load=32/8192=0%, Rehash=0, Collisions=0/47=0%
# Finished Make data base on Sat Jul  9 20:07:57 2022

 
